<?xml version="1.0" encoding="UTF-8"?>
<!-- Generated by org.testng.reporters.JUnitReportReporter -->
<testsuite hostname="DESKTOP-JS1FIIV" failures="0" tests="3" name="test.YourLogoTest" time="94.443" errors="0" timestamp="13 Mar 2019 11:42:33 GMT" skipped="1">
  <testcase classname="test.YourLogoTest" name="register" time="38.006"/>
  <testcase classname="test.YourLogoTest" name="login" time="56.437"/>
  <testcase classname="test.YourLogoTest" name="order_product">
    <skipped/>
  </testcase> <!-- order_product -->
</testsuite> <!-- test.YourLogoTest -->
